<?xml version="1.0" encoding="UTF-8"?>
<!-- Generated by org.testng.reporters.JUnitReportReporter -->
<testsuite skipped="0" hostname="DESKTOP-SNDT4RA" name="runner.GoogleRunner" tests="2" failures="1" timestamp="2021-08-12T11:38:28 IST" time="38.993" errors="0">
  <testcase name="runScenario" time="16.505" classname="runner.GoogleRunner">
    <failure type="java.lang.AssertionError" message="expected [Selenium Tutorial - Google Search] but found [Selenium Tutorial - Google]">
      <![CDATA[java.lang.AssertionError: expected [Selenium Tutorial - Google Search] but found [Selenium Tutorial - Google]
at org.testng.Assert.fail(Assert.java:99)
at org.testng.Assert.failNotEquals(Assert.java:1037)
at org.testng.Assert.assertEqualsImpl(Assert.java:140)
at org.testng.Assert.assertEquals(Assert.java:122)
at org.testng.Assert.assertEquals(Assert.java:629)
at org.testng.Assert.assertEquals(Assert.java:639)
at stepdefs.GoogleStepDef.should_display_selenium_result_page(GoogleStepDef.java:59)
at ✽.Should display Selenium result page(file:///E:/Eclipse-Workspace/BDDSample/src/test/resources/feature/googlePage.feature:13)
]]>
    </failure>
  </testcase> <!-- runScenario -->
  <system-out/>
  <testcase name="runScenario" time="22.488" classname="runner.GoogleRunner"/>
  <system-out/>
</testsuite> <!-- runner.GoogleRunner -->
